[23:31:08] [ServerMain/INFO]: Environment: authHost='https://authserver.mojang.com', accountsHost='https://api.mojang.com', sessionHost='https://sessionserver.mojang.com', servicesHost='https://api.minecraftservices.com', name='PROD'
[23:31:14] [ServerMain/INFO]: Loaded 7 recipes
[23:31:15] [ServerMain/INFO]: Loaded 1179 advancements
[23:31:17] [Server thread/INFO]: Starting minecraft server version 1.19.4
[23:31:17] [Server thread/INFO]: Loading properties
[23:31:17] [Server thread/INFO]: Default game type: SURVIVAL
[23:31:17] [Server thread/INFO]: Generating keypair
[23:31:17] [Server console handler/ERROR]: Exception handling console input
java.io.IOException: The handle is invalid
	at java.io.FileInputStream.readBytes(Native Method) ~[?:?]
	at java.io.FileInputStream.read(FileInputStream.java:293) ~[?:?]
	at java.io.BufferedInputStream.read1(BufferedInputStream.java:311) ~[?:?]
	at java.io.BufferedInputStream.implRead(BufferedInputStream.java:386) ~[?:?]
	at java.io.BufferedInputStream.read(BufferedInputStream.java:365) ~[?:?]
	at sun.nio.cs.StreamDecoder.readBytes(StreamDecoder.java:333) ~[?:?]
	at sun.nio.cs.StreamDecoder.implRead(StreamDecoder.java:376) ~[?:?]
	at sun.nio.cs.StreamDecoder.lockedRead(StreamDecoder.java:219) ~[?:?]
	at sun.nio.cs.StreamDecoder.read(StreamDecoder.java:173) ~[?:?]
	at java.io.InputStreamReader.read(InputStreamReader.java:189) ~[?:?]
	at java.io.BufferedReader.fill(BufferedReader.java:161) ~[?:?]
	at java.io.BufferedReader.implReadLine(BufferedReader.java:371) ~[?:?]
	at java.io.BufferedReader.readLine(BufferedReader.java:348) ~[?:?]
	at java.io.BufferedReader.readLine(BufferedReader.java:437) ~[?:?]
	at ahq$1.run(SourceFile:89) ~[server-1.19.4.jar:?]
[23:31:18] [Server thread/INFO]: Starting Minecraft server on 25.4.159.155:25565
[23:31:18] [Server thread/INFO]: Using default channel type
[23:31:19] [Server thread/WARN]: **** SERVER IS RUNNING IN OFFLINE/INSECURE MODE!
[23:31:19] [Server thread/WARN]: The server will make no attempt to authenticate usernames. Beware.
[23:31:19] [Server thread/WARN]: While this makes the game possible to play without internet access, it also opens up the ability for hackers to connect with any username they choose.
[23:31:19] [Server thread/WARN]: To change this, set "online-mode" to "true" in the server.properties file.
[23:31:19] [Server thread/INFO]: Preparing level "world"
[23:31:25] [Server thread/INFO]: Preparing start region for dimension minecraft:overworld
[23:31:35] [Worker-Main-7/INFO]: Preparing spawn area: 0%
[23:31:35] [Worker-Main-7/INFO]: Preparing spawn area: 0%
[23:31:35] [Worker-Main-7/INFO]: Preparing spawn area: 0%
[23:31:35] [Worker-Main-6/INFO]: Preparing spawn area: 0%
[23:31:35] [Worker-Main-4/INFO]: Preparing spawn area: 0%
[23:31:35] [Worker-Main-4/INFO]: Preparing spawn area: 0%
[23:31:35] [Worker-Main-1/INFO]: Preparing spawn area: 0%
[23:31:35] [Worker-Main-5/INFO]: Preparing spawn area: 0%
[23:31:35] [Worker-Main-3/INFO]: Preparing spawn area: 0%
[23:31:35] [Worker-Main-1/INFO]: Preparing spawn area: 0%
[23:31:35] [Worker-Main-2/INFO]: Preparing spawn area: 0%
[23:31:35] [Worker-Main-4/INFO]: Preparing spawn area: 0%
[23:31:35] [Worker-Main-4/INFO]: Preparing spawn area: 0%
[23:31:35] [Worker-Main-6/INFO]: Preparing spawn area: 0%
[23:31:36] [Worker-Main-4/INFO]: Preparing spawn area: 0%
[23:31:36] [Worker-Main-1/INFO]: Preparing spawn area: 0%
[23:31:36] [Worker-Main-2/INFO]: Preparing spawn area: 0%
[23:31:36] [Worker-Main-6/INFO]: Preparing spawn area: 0%
[23:31:36] [Worker-Main-6/INFO]: Preparing spawn area: 0%
[23:31:36] [Worker-Main-4/INFO]: Preparing spawn area: 0%
[23:31:36] [Worker-Main-7/INFO]: Preparing spawn area: 0%
[23:31:36] [Worker-Main-4/INFO]: Preparing spawn area: 0%
[23:31:36] [Worker-Main-2/INFO]: Preparing spawn area: 0%
[23:31:37] [Worker-Main-2/INFO]: Preparing spawn area: 0%
[23:31:37] [Worker-Main-2/INFO]: Preparing spawn area: 13%
[23:31:38] [Worker-Main-7/INFO]: Preparing spawn area: 31%
[23:31:38] [Worker-Main-5/INFO]: Preparing spawn area: 46%
[23:31:39] [Worker-Main-6/INFO]: Preparing spawn area: 62%
[23:31:39] [Worker-Main-1/INFO]: Preparing spawn area: 91%
[23:31:40] [Server thread/INFO]: Time elapsed: 14158 ms
[23:31:40] [Server thread/INFO]: Done (20.637s)! For help, type "help"
[23:32:45] [Server thread/INFO]: dieglevel[/25.4.159.155:52630] logged in with entity id 148 at (855.6147250237102, 66.98619149926104, -1272.494473704648)
[23:32:45] [Server thread/INFO]: dieglevel joined the game
[23:32:49] [Server thread/WARN]: Can't keep up! Is the server overloaded? Running 4022ms or 80 ticks behind
[23:33:12] [Server thread/WARN]: Can't keep up! Is the server overloaded? Running 2447ms or 48 ticks behind
[23:33:14] [Server thread/INFO]: vinc[/25.41.229.204:55544] logged in with entity id 347 at (35.93531106853045, 77.0, 3.485953260656456)
[23:33:14] [Server thread/INFO]: vinc joined the game
[23:33:30] [Server thread/WARN]: Can't keep up! Is the server overloaded? Running 3633ms or 72 ticks behind
[23:33:38] [Server thread/INFO]: [dieglevel: Teleported vinc to 856.067053, 64.000000, -1271.020093]
[23:33:42] [Server thread/INFO]: [dieglevel: Set the world spawn point to 857, 63, -1272 [0.0]]
[23:33:48] [Server thread/INFO]: [dieglevel: Set own game mode to Survival Mode]
[23:34:10] [Server thread/WARN]: Mismatch in destroy block pos: gt{x=0, y=0, z=0} gt{x=858, y=64, z=-1257}
[23:34:11] [Server thread/WARN]: Mismatch in destroy block pos: gt{x=0, y=0, z=0} gt{x=858, y=65, z=-1257}
[23:34:20] [Server thread/WARN]: Mismatch in destroy block pos: gt{x=0, y=0, z=0} gt{x=850, y=63, z=-1267}
[23:34:25] [Server thread/WARN]: Can't keep up! Is the server overloaded? Running 2077ms or 41 ticks behind
[23:34:54] [Server thread/WARN]: Can't keep up! Is the server overloaded? Running 2024ms or 40 ticks behind
[23:35:40] [Server thread/INFO]: vinc lost connection: Disconnected
[23:35:40] [Server thread/INFO]: vinc left the game
[23:36:06] [Server thread/INFO]: vinc[/25.41.229.204:55669] logged in with entity id 1172 at (858.0299131135906, 63.0, -1272.90770441997)
[23:36:06] [Server thread/INFO]: vinc joined the game
[23:36:25] [Server thread/INFO]: vinc lost connection: Disconnected
[23:36:25] [Server thread/INFO]: vinc left the game
[23:37:58] [Server thread/INFO]: vinc[/25.41.229.204:55872] logged in with entity id 1775 at (858.0299131135906, 63.0, -1272.90770441997)
[23:37:58] [Server thread/INFO]: vinc joined the game
[23:38:30] [Server thread/WARN]: Mismatch in destroy block pos: gt{x=0, y=0, z=0} gt{x=856, y=63, z=-1271}
[23:39:10] [Server thread/INFO]: dieglevel lost connection: Disconnected
[23:39:10] [Server thread/INFO]: dieglevel left the game
[23:39:15] [Server thread/INFO]: Stopping the server
[23:39:15] [Server thread/INFO]: Stopping server
[23:39:15] [Server thread/INFO]: Saving players
[23:39:15] [Server thread/INFO]: Saving worlds
[23:39:17] [Server thread/INFO]: Saving chunks for level 'ServerLevel[world]'/minecraft:overworld
[23:39:17] [Server thread/INFO]: Saving chunks for level 'ServerLevel[world]'/minecraft:the_nether
[23:39:17] [Server thread/INFO]: Saving chunks for level 'ServerLevel[world]'/minecraft:the_end
[23:39:17] [Server thread/INFO]: ThreadedAnvilChunkStorage (world): All chunks are saved
[23:39:17] [Server thread/INFO]: ThreadedAnvilChunkStorage (DIM-1): All chunks are saved
[23:39:17] [Server thread/INFO]: ThreadedAnvilChunkStorage (DIM1): All chunks are saved
[23:39:17] [Server thread/INFO]: ThreadedAnvilChunkStorage: All dimensions are saved
